Build started 11.11.2015 10:17:07.
     1>Project "C:\Users\Michael\documents\visual studio 2015\Projects\GraphicPulseRateDetector\GraphicPulseRateDetector\GraphicPulseRateDetector.vcxproj" on node 2 (Build target(s)).
     1>ClCompile:
         C:\Program Files (x86)\Microsoft Visual Studio 14.0\VC\bin\x86_amd64\CL.exe /c /IC:\OpenCV\opencv\build\include /Zi /nologo /W3 /WX- /sdl /O2 /Oi /GL /D NDEBUG /D _CONSOLE /D _UNICODE /D UNICODE /Gm- /EHsc /MD /GS /Gy /fp:precise /Zc:wchar_t /Zc:forScope /Zc:inline /Yu"stdafx.h" /Fp"x64\Release\GraphicPulseRateDetector.pch" /Fo"x64\Release\\" /Fd"x64\Release\vc140.pdb" /Gd /TP /errorReport:prompt GetPulse.cpp
         GetPulse.cpp
     1>GetPulse.cpp(3): warning C4627: '#include <opencv2/opencv.hpp>': skipped when looking for precompiled header use
         GetPulse.cpp(3): note: Add directive to 'stdafx.h' or rebuild precompiled header
     1>GetPulse.cpp(4): warning C4627: '#include <opencv2/imgproc.hpp>': skipped when looking for precompiled header use
         GetPulse.cpp(4): note: Add directive to 'stdafx.h' or rebuild precompiled header
     1>GetPulse.cpp(5): warning C4627: '#include <opencv2/core/mat.hpp>': skipped when looking for precompiled header use
         GetPulse.cpp(5): note: Add directive to 'stdafx.h' or rebuild precompiled header
     1>GetPulse.cpp(6): warning C4627: '#include "highgui.hpp"': skipped when looking for precompiled header use
         GetPulse.cpp(6): note: Add directive to 'stdafx.h' or rebuild precompiled header
     1>GetPulse.cpp(11): error C2653: 'cv': is not a class or namespace name
     1>GetPulse.cpp(11): error C2065: 'Mat': undeclared identifier
     1>GetPulse.cpp(11): error C2146: syntax error: missing ')' before identifier 'timeVector'
     1>GetPulse.cpp(12): error C2143: syntax error: missing ';' before '{'
     1>GetPulse.cpp(12): error C2447: '{': missing function header (old-style formal list?)
     1>Done Building Project "C:\Users\Michael\documents\visual studio 2015\Projects\GraphicPulseRateDetector\GraphicPulseRateDetector\GraphicPulseRateDetector.vcxproj" (Build target(s)) -- FAILED.

Build FAILED.

Time Elapsed 00:00:01.60
